<?xml version="1.0" encoding="UTF-8" standalone="no"?>
<!DOCTYPE log SYSTEM "logger.dtd">
<log>
<record>
  <date>2016-10-26T18:45:27</date>
  <millis>1477503927568</millis>
  <sequence>0</sequence>
  <logger>core.session.SessionInformation</logger>
  <level>WARNING</level>
  <class>core.utils.Log</class>
  <method>logWarning</method>
  <thread>16</thread>
  <message>For input string: ""</message>
</record>
<record>
  <date>2016-10-26T18:45:35</date>
  <millis>1477503935736</millis>
  <sequence>1</sequence>
  <logger>core.session.SessionInformation</logger>
  <level>INFO</level>
  <class>core.utils.Log</class>
  <method>logInfo</method>
  <thread>16</thread>
  <message>Logged out</message>
</record>
</log>
